[    1232ms] [ERROR] [TangerineBox] Telemetry configuration is missing. Error: Error: Session data meta tag not found @ https://a.b.cdn.console.awsstatic.com/a/v1/YRING43GISMZ55PQVLRQ7GEJWK2K42P5ER7ZESQSTPFHH6OQM4ZA/eade49c098ff40c0abc641e3c8eeb22b82cf6d6688e04b789af571b487c8aeae.js:1
[    1232ms] [ERROR] [TangerineBox] Telemetry configuration is missing. Error: Error: Session data meta tag not found @ https://a.b.cdn.console.awsstatic.com/a/v1/YRING43GISMZ55PQVLRQ7GEJWK2K42P5ER7ZESQSTPFHH6OQM4ZA/eade49c098ff40c0abc641e3c8eeb22b82cf6d6688e04b789af571b487c8aeae.js:1
[    1242ms] [WARNING] Unable to parse the data using legacy methods @ https://a.b.cdn.console.awsstatic.com/a/v1/YRING43GISMZ55PQVLRQ7GEJWK2K42P5ER7ZESQSTPFHH6OQM4ZA/eade49c098ff40c0abc641e3c8eeb22b82cf6d6688e04b789af571b487c8aeae.js:1
[    1242ms] [ERROR] Couldn't determine console domain and dual-stack values. @ https://a.b.cdn.console.awsstatic.com/a/v1/YRING43GISMZ55PQVLRQ7GEJWK2K42P5ER7ZESQSTPFHH6OQM4ZA/eade49c098ff40c0abc641e3c8eeb22b82cf6d6688e04b789af571b487c8aeae.js:1
[    1553ms] [WARNING] Unable to parse the data using legacy methods @ https://docs.aws.amazon.com/assets/r/5787.112557dbc7c886289685.js:1
[    1553ms] [ERROR] Couldn't determine console domain and dual-stack values. @ https://docs.aws.amazon.com/assets/r/5787.112557dbc7c886289685.js:1
[    2613ms] [WARNING] Unable to parse the data using legacy methods @ https://a.b.cdn.console.awsstatic.com/a/v1/BDTCI64IMYTNXYTQG733YAYQCQDJKBZCHFARTMYTXRCBDV7DKNFQ/module2.js:80
[    2613ms] [ERROR] Couldn't determine console domain and dual-stack values. @ https://a.b.cdn.console.awsstatic.com/a/v1/BDTCI64IMYTNXYTQG733YAYQCQDJKBZCHFARTMYTXRCBDV7DKNFQ/module2.js:80
[    2829ms] [ERROR] Framing 'https://conversational-experience-worker.widget.console.aws.amazon.com/' violates the following Content Security Policy directive: "frame-ancestors 'none'". The request has been blocked.
 @ :0
[    2885ms] [ERROR] Failed to load resource: the server responded with a status of 403 () @ chrome-error://chromewebdata/:0
[    2902ms] [WARNING] Failed to execute 'postMessage' on 'DOMWindow': The target origin provided ('https://conversational-experience-worker.widget.console.aws.amazon.com') does not match the recipient window's origin ('null'). @ https://a.b.cdn.console.awsstatic.com/a/v1/BDTCI64IMYTNXYTQG733YAYQCQDJKBZCHFARTMYTXRCBDV7DKNFQ/module2.js:170
[    4164ms] [ERROR] It does not seem your site has onboarded to Shortbread. Onboarding to Shortbread is required for using Visitor ID Service. @ https://d2c.aws.amazon.com/client/lib/v1/module/index-7ae49672.js:1
[  302625ms] SecurityError: Failed to read a named property 'frameElement' from 'Window': Blocked a frame with origin "https://docs.aws.amazon.com" from accessing a cross-origin frame.
    at https://docs.aws.amazon.com/assets/r/5787.112557dbc7c886289685.js:2:117200
[  602626ms] TimeoutError: Timeout occurred while waiting for a reply
    at https://docs.aws.amazon.com/assets/r/5787.112557dbc7c886289685.js:2:89969
[  602626ms] TimeoutError: Timeout occurred while waiting for a reply
    at https://docs.aws.amazon.com/assets/r/5787.112557dbc7c886289685.js:2:89969
[  602626ms] TimeoutError: Timeout occurred while waiting for a reply
    at https://docs.aws.amazon.com/assets/r/5787.112557dbc7c886289685.js:2:89969
[  602627ms] TimeoutError: Timeout occurred while waiting for a reply
    at https://docs.aws.amazon.com/assets/r/5787.112557dbc7c886289685.js:2:89969
[  602627ms] TimeoutError: Timeout occurred while waiting for a reply
    at https://docs.aws.amazon.com/assets/r/5787.112557dbc7c886289685.js:2:89969
